<?xml version="1.0" encoding="UTF-8"?>
<!-- Generated by org.testng.reporters.JUnitXMLReporter -->
<testsuite hostname="DESKTOP-8U4P3Q5" ignored="0" name="regression1" tests="2" failures="0" timestamp="2022-05-17T12:53:44 IST" time="143.834" errors="0">
  <testcase name="loginfunctionality" time="0.057" classname="com.saucedemo.Testclasses.TC01loginfunctionality"/>
  <testcase name="AddtoCartfunctionality" time="1.347" classname="com.saucedemo.Testclasses.TC01loginfunctionality"/>
</testsuite> <!-- regression1 -->
