<?xml version="1.0" encoding="UTF-8"?>
<!-- Generated by org.testng.reporters.JUnitXMLReporter -->
<testsuite hostname="DESKTOP-8U4P3Q5" ignored="0" name="regression" tests="2" failures="0" timestamp="2022-05-17T12:51:20 IST" time="36.888" errors="0">
  <testcase name="loginfunctionality" time="0.098" classname="com.saucedemo.Testclasses.TC01loginfunctionality"/>
  <testcase name="AddtoCartfunctionality" time="0.828" classname="com.saucedemo.Testclasses.TC01loginfunctionality"/>
</testsuite> <!-- regression -->
