<?xml version="1.0" encoding="UTF-8"?>
<!-- Generated by org.testng.reporters.JUnitXMLReporter -->
<testsuite hostname="DESKTOP-8U4P3Q5" ignored="0" name="Test(failed)" tests="1" failures="1" timestamp="2022-05-15T23:19:16 IST" time="17.062" errors="0">
  <testcase name="AddtoCartfunctionality" time="0.671" classname="com.saucedemo.Testclasses.TC02AddToCart">
    <failure type="java.lang.AssertionError" message="expected [Remove] but found [ADD TO CART]">
      <![CDATA[java.lang.AssertionError: expected [Remove] but found [ADD TO CART]
at com.saucedemo.Testclasses.TC02AddToCart.AddtoCartfunctionality(TC02AddToCart.java:21)
at java.util.ArrayList.forEach(Unknown Source)
... Removed 33 stack frames]]>
    </failure>
  </testcase> <!-- AddtoCartfunctionality -->
</testsuite> <!-- Test(failed) -->
