<?xml version="1.0" encoding="UTF-8"?>
<!-- Generated by org.testng.reporters.JUnitXMLReporter -->
<testsuite hostname="DESKTOP-8U4P3Q5" ignored="0" name="Test" tests="2" failures="0" timestamp="2022-05-17T12:16:51 IST" time="69.802" errors="0">
  <testcase name="AddtoCartfunctionality" time="0.227" classname="com.saucedemo.Testclasses.TC01loginfunctionality"/>
  <testcase name="loginfunctionality" time="0.035" classname="com.saucedemo.Testclasses.TC01loginfunctionality"/>
</testsuite> <!-- Test -->
